[0518/140847.289:ERROR:process_info.cc(359)] UncheckedAllocate
[0518/140847.346:ERROR:file_io.cc(134)] WriteFile: There is not enough space on the disk. (0x70)
[0518/140847.349:ERROR:crash_report_database_win.cc(488)] failed to write header
[0518/140847.350:ERROR:file_io.cc(134)] WriteFile: There is not enough space on the disk. (0x70)
[0518/140847.350:ERROR:file_io.cc(134)] WriteFile: There is not enough space on the disk. (0x70)
[0518/140847.350:ERROR:file_io.cc(134)] WriteFile: There is not enough space on the disk. (0x70)
[0518/140847.350:ERROR:file_io.cc(134)] WriteFile: There is not enough space on the disk. (0x70)
[0518/140847.352:ERROR:file_io.cc(134)] WriteFile: There is not enough space on the disk. (0x70)
[0518/141208.334:ERROR:process_info.cc(359)] UncheckedAllocate
[0518/141208.483:ERROR:process_info.cc(359)] UncheckedAllocate
[0518/151336.708:WARNING:thread_snapshot_minidump.cc(89)] Snapshot X86 context support has no unit tests.
[0518/151336.744:WARNING:thread_snapshot_minidump.cc(89)] Snapshot X86 context support has no unit tests.
[0518/151336.744:WARNING:thread_snapshot_minidump.cc(89)] Snapshot X86 context support has no unit tests.
[0518/151336.744:WARNING:thread_snapshot_minidump.cc(89)] Snapshot X86 context support has no unit tests.
[0518/151336.744:WARNING:thread_snapshot_minidump.cc(89)] Snapshot X86 context support has no unit tests.
[0518/151336.745:WARNING:thread_snapshot_minidump.cc(89)] Snapshot X86 context support has no unit tests.
[0518/151336.745:WARNING:thread_snapshot_minidump.cc(89)] Snapshot X86 context support has no unit tests.
[0518/151336.745:WARNING:thread_snapshot_minidump.cc(89)] Snapshot X86 context support has no unit tests.
[0518/151336.745:WARNING:thread_snapshot_minidump.cc(89)] Snapshot X86 context support has no unit tests.
[0518/151336.745:WARNING:thread_snapshot_minidump.cc(89)] Snapshot X86 context support has no unit tests.
[0518/151336.745:WARNING:thread_snapshot_minidump.cc(89)] Snapshot X86 context support has no unit tests.
[0518/151336.745:WARNING:thread_snapshot_minidump.cc(89)] Snapshot X86 context support has no unit tests.
[0518/151336.745:WARNING:thread_snapshot_minidump.cc(89)] Snapshot X86 context support has no unit tests.
[0518/152008.995:ERROR:process_info.cc(359)] UncheckedAllocate
[0518/152152.690:ERROR:process_info.cc(375)] NtQuerySystemInformation SystemExtendedHandleInformation: {Not Enough Quota} Not enough virtual memory or paging file quota is available to complete the specified operation. (0xc0000017)
[0518/152217.595:ERROR:process_info.cc(359)] UncheckedAllocate
[0518/152318.253:ERROR:process_info.cc(359)] UncheckedAllocate
[0518/153222.181:ERROR:process_info.cc(359)] UncheckedAllocate
[0518/155809.852:ERROR:process_info.cc(359)] UncheckedAllocate
